
R version 3.5.2 (2018-12-20) -- "Eggshell Igloo"
Copyright (C) 2018 The R Foundation for Statistical Computing
Platform: x86_64-pc-linux-gnu (64-bit)

R is free software and comes with ABSOLUTELY NO WARRANTY.
You are welcome to redistribute it under certain conditions.
Type 'license()' or 'licence()' for distribution details.

  Natural language support but running in an English locale

R is a collaborative project with many contributors.
Type 'contributors()' for more information and
'citation()' on how to cite R or R packages in publications.

Type 'demo()' for some demos, 'help()' for on-line help, or
'help.start()' for an HTML browser interface to help.
Type 'q()' to quit R.

*** Loaded .Rprofile ***

R session started  Tue Jun  4 00:18:50 2019 
> clustermq:::worker("tcp://yeats-admin:6336")
Master: tcp://yeats-admin:6336
WORKER_UP to: tcp://yeats-admin:6336
Error in clustermq:::worker("tcp://yeats-admin:6336") : 
  Timeout reached, terminating
Execution halted
