\BOOKMARK [1][-]{section*.1}{Document classes}{}% 1
\BOOKMARK [2][-]{section*.2}{Common documentclass options}{section*.1}% 2
\BOOKMARK [2][-]{section*.3}{Packages}{section*.1}% 3
\BOOKMARK [2][-]{section*.4}{Title}{section*.1}% 4
\BOOKMARK [2][-]{section*.5}{Miscellaneous}{section*.1}% 5
\BOOKMARK [1][-]{section*.6}{Document structure}{}% 6
\BOOKMARK [2][-]{section*.7}{Text environments}{section*.6}% 7
\BOOKMARK [2][-]{section*.8}{Lists}{section*.6}% 8
\BOOKMARK [2][-]{section*.9}{References}{section*.6}% 9
\BOOKMARK [2][-]{section*.10}{Floating bodies}{section*.6}% 10
\BOOKMARK [1][-]{section*.11}{Text properties}{}% 11
\BOOKMARK [2][-]{section*.12}{Font face}{section*.11}% 12
\BOOKMARK [2][-]{section*.13}{Font size}{section*.11}% 13
\BOOKMARK [2][-]{section*.14}{Verbatim text}{section*.11}% 14
\BOOKMARK [2][-]{section*.15}{Justification}{section*.11}% 15
\BOOKMARK [2][-]{section*.16}{Miscellaneous}{section*.11}% 16
\BOOKMARK [1][-]{section*.17}{Text-mode symbols}{}% 17
\BOOKMARK [2][-]{section*.18}{Symbols}{section*.17}% 18
\BOOKMARK [2][-]{section*.19}{Accents}{section*.17}% 19
\BOOKMARK [2][-]{section*.20}{Delimiters}{section*.17}% 20
\BOOKMARK [2][-]{section*.21}{Dashes}{section*.17}% 21
\BOOKMARK [2][-]{section*.22}{Line and page breaks}{section*.17}% 22
\BOOKMARK [2][-]{section*.23}{Miscellaneous}{section*.17}% 23
\BOOKMARK [1][-]{section*.24}{Tabular environments}{}% 24
\BOOKMARK [2][-]{section*.25}{tabbing environment}{section*.24}% 25
\BOOKMARK [2][-]{section*.26}{tabular environment}{section*.24}% 26
\BOOKMARK [3][-]{section*.27}{tabular column specification}{section*.26}% 27
\BOOKMARK [3][-]{section*.28}{tabular elements}{section*.26}% 28
\BOOKMARK [1][-]{section*.29}{Math mode}{}% 29
\BOOKMARK [2][-]{section*.30}{Math-mode symbols}{section*.29}% 30
\BOOKMARK [1][-]{section*.31}{Bibliography and citations}{}% 31
\BOOKMARK [2][-]{section*.32}{Citation types}{section*.31}% 32
\BOOKMARK [2][-]{section*.33}{BibT.7exEX entry types}{section*.31}% 33
\BOOKMARK [2][-]{section*.34}{BibT.7exEX fields}{section*.31}% 34
\BOOKMARK [2][-]{section*.35}{Common BibT.7exEX style files}{section*.31}% 35
\BOOKMARK [2][-]{section*.36}{BibT.7exEX example}{section*.31}% 36
\BOOKMARK [1][-]{section*.37}{Sample LaTeX document}{}% 37
